<?xml version="1.0" encoding="UTF-8"?>
<!-- Generated by org.testng.reporters.JUnitReportReporter -->
<testsuite skipped="4" hostname="vicky-PC" name="demo.APITestCases" tests="10" failures="0" timestamp="2021-08-03T11:44:10 IST" time="33.390" errors="0">
  <testcase name="PositiveAuthenticateCall" time="31.318" classname="demo.APITestCases"/>
  <system-out/>
  <testcase name="NegativeAuthenticateCallInvaildMailId" time="0.484" classname="demo.APITestCases"/>
  <system-out/>
  <testcase name="NegativeAuthenticateCallEmptyMailId" time="0.421" classname="demo.APITestCases"/>
  <system-out/>
  <testcase name="NegativeAuthenticateCallWithoutpe" time="0.406" classname="demo.APITestCases"/>
  <system-out/>
  <testcase name="NegativeAuthenticateCallpeAsFalse" time="0.389" classname="demo.APITestCases"/>
  <system-out/>
  <testcase name="NegativeAuthenticateCallExceed5Attempts" time="0.372" classname="demo.APITestCases"/>
  <system-out/>
  <testcase name="PositiveAuthenticateCallWithoutPurpose" classname="demo.APITestCases">
    <skipped/>
  </testcase> <!-- PositiveAuthenticateCallWithoutPurpose -->
  <system-out/>
  <testcase name="NegativeAuthenticateCallInvalidPassword" classname="demo.APITestCases">
    <skipped/>
  </testcase> <!-- NegativeAuthenticateCallInvalidPassword -->
  <system-out/>
  <testcase name="NegativeAuthenticateCallWithoutPassword" classname="demo.APITestCases">
    <skipped/>
  </testcase> <!-- NegativeAuthenticateCallWithoutPassword -->
  <system-out/>
  <testcase name="NegativeAuthenticateCallEmptyPassword" classname="demo.APITestCases">
    <skipped/>
  </testcase> <!-- NegativeAuthenticateCallEmptyPassword -->
  <system-out/>
</testsuite> <!-- demo.APITestCases -->
